<?xml version="1.0" encoding="UTF-8"?>
<!-- Generated by org.testng.reporters.JUnitReportReporter -->
<testsuite hostname="LAPTOP-VOFPPI1S" failures="0" tests="1" name="POM2.RegistationTest" time="10.401" errors="0" timestamp="2021-11-09T16:43:43 IST" skipped="0">
  <testcase classname="POM2.RegistationTest" name="VerifyFlightReg" time="10.401"/>
  <system-out/>
</testsuite> <!-- POM2.RegistationTest -->
