<?xml version="1.0" encoding="UTF-8"?>
<!-- Generated by org.testng.reporters.JUnitReportReporter -->
<testsuite hostname="LAPTOP-VOFPPI1S" failures="0" tests="2" name="DataProvider.ExcelBaseClass" time="14.310" errors="0" timestamp="2021-09-09T16:26:42 IST" skipped="0">
  <testcase classname="DataProvider.ExcelBaseClass" name="loginFunction" time="7.006"/>
  <system-out/>
  <testcase classname="DataProvider.ExcelBaseClass" name="loginFunction" time="7.304"/>
  <system-out/>
</testsuite> <!-- DataProvider.ExcelBaseClass -->
