<?xml version="1.0" encoding="UTF-8"?>
<!-- Generated by org.testng.reporters.JUnitReportReporter -->
<testsuite hostname="LAPTOP-VOFPPI1S" failures="0" tests="1" name="TestNGprograms.Practice1" time="8.305" errors="0" timestamp="2021-11-06T09:55:47 IST" skipped="0">
  <testcase classname="TestNGprograms.Practice1" name="f" time="8.305"/>
  <system-out/>
</testsuite> <!-- TestNGprograms.Practice1 -->
