<?xml version="1.0" encoding="UTF-8"?>
<!-- Generated by org.testng.reporters.JUnitReportReporter -->
<testsuite hostname="LAPTOP-VOFPPI1S" failures="0" tests="1" name="OrangeExcel.Class2" time="0.000" errors="0" timestamp="2021-09-09T15:42:00 IST" skipped="1">
  <testcase classname="OrangeExcel.Class2" name="addEmployeeFunction" time="0.000">
    <skipped/>
  </testcase> <!-- addEmployeeFunction -->
  <system-out/>
</testsuite> <!-- OrangeExcel.Class2 -->
