<?xml version="1.0" encoding="UTF-8"?>
<!-- Generated by org.testng.reporters.JUnitReportReporter -->
<testsuite hostname="LAPTOP-VOFPPI1S" failures="0" tests="2" name="TestNGprograms.BasicProgrm" time="0.015" errors="0" timestamp="2021-11-06T09:55:47 IST" skipped="0">
  <testcase classname="TestNGprograms.BasicProgrm" name="testCase1" time="0.012"/>
  <system-out/>
  <testcase classname="TestNGprograms.BasicProgrm" name="testCase2" time="0.003"/>
  <system-out/>
</testsuite> <!-- TestNGprograms.BasicProgrm -->
