<?xml version="1.0" encoding="UTF-8"?>
<!-- Generated by org.testng.reporters.JUnitReportReporter -->
<testsuite hostname="LAPTOP-VOFPPI1S" failures="0" tests="1" name="Groping.TC1" time="0.014" errors="0" timestamp="2021-11-06T10:41:49 IST" skipped="0">
  <testcase classname="Groping.TC1" name="TC2" time="0.014"/>
  <system-out/>
</testsuite> <!-- Groping.TC1 -->
