<?xml version="1.0" encoding="UTF-8"?>
<!-- Generated by org.testng.reporters.JUnitReportReporter -->
<testsuite hostname="LAPTOP-VOFPPI1S" failures="0" tests="1" name="DataProvider.OrangeHRM" time="0.000" errors="0" timestamp="2021-09-14T17:13:08 IST" skipped="1">
  <testcase classname="DataProvider.OrangeHRM" name="addEmployeeFunction" time="0.000">
    <skipped/>
  </testcase> <!-- addEmployeeFunction -->
  <system-out/>
</testsuite> <!-- DataProvider.OrangeHRM -->
