<?xml version="1.0" encoding="UTF-8"?>
<!-- Generated by org.testng.reporters.JUnitReportReporter -->
<testsuite hostname="LAPTOP-VOFPPI1S" failures="0" tests="2" name="TestNG.ParallelTest" time="35.440" errors="0" timestamp="2021-11-07T13:33:43 IST" skipped="0">
  <testcase classname="TestNG.ParallelTest" name="logoTest" time="21.028"/>
  <system-out/>
  <testcase classname="TestNG.ParallelTest" name="homePageTitle" time="14.412"/>
  <system-out/>
</testsuite> <!-- TestNG.ParallelTest -->
