<?xml version="1.0" encoding="UTF-8"?>
<!-- Generated by org.testng.reporters.JUnitReportReporter -->
<testsuite hostname="LAPTOP-VOFPPI1S" failures="0" tests="3" name="TestNG.DataProvider2" time="0.016" errors="0" timestamp="2021-11-06T14:02:35 IST" skipped="0">
  <testcase classname="TestNG.DataProvider2" name="loginTest" time="0.003"/>
  <system-out/>
  <testcase classname="TestNG.DataProvider2" name="loginTest" time="0.010"/>
  <system-out/>
  <testcase classname="TestNG.DataProvider2" name="loginTest" time="0.003"/>
  <system-out/>
</testsuite> <!-- TestNG.DataProvider2 -->
