<?xml version="1.0" encoding="UTF-8"?>
<!-- Generated by org.testng.reporters.JUnitReportReporter -->
<testsuite hostname="LAPTOP-VOFPPI1S" failures="0" tests="1" name="ExcelOrange1.Class1" time="8.770" errors="0" timestamp="2021-09-09T12:54:15 IST" skipped="0">
  <testcase classname="ExcelOrange1.Class1" name="loginFunction" time="8.770"/>
  <system-out/>
</testsuite> <!-- ExcelOrange1.Class1 -->
