<?xml version="1.0" encoding="UTF-8"?>
<!-- Generated by org.testng.reporters.JUnitReportReporter -->
<testsuite hostname="LAPTOP-VOFPPI1S" failures="0" tests="5" name="Excel.Class1" time="57.038" errors="0" timestamp="2021-09-09T11:50:33 IST" skipped="0">
  <testcase classname="Excel.Class1" name="loginFunction" time="12.403"/>
  <system-out/>
  <testcase classname="Excel.Class1" name="loginFunction" time="18.043"/>
  <system-out/>
  <testcase classname="Excel.Class1" name="loginFunction" time="8.560"/>
  <system-out/>
  <testcase classname="Excel.Class1" name="loginFunction" time="8.637"/>
  <system-out/>
  <testcase classname="Excel.Class1" name="loginFunction" time="9.395"/>
  <system-out/>
</testsuite> <!-- Excel.Class1 -->
