<?xml version="1.0" encoding="UTF-8"?>
<!-- Generated by org.testng.reporters.JUnitReportReporter -->
<testsuite hostname="LAPTOP-VOFPPI1S" failures="0" tests="3" name="TestNG.DataProvider" time="0.015" errors="0" timestamp="2021-11-06T13:58:14 IST" skipped="0">
  <testcase classname="TestNG.DataProvider" name="loginTest" time="0.002"/>
  <system-out/>
  <testcase classname="TestNG.DataProvider" name="loginTest" time="0.010"/>
  <system-out/>
  <testcase classname="TestNG.DataProvider" name="loginTest" time="0.003"/>
  <system-out/>
</testsuite> <!-- TestNG.DataProvider -->
